Arguments: 
  /usr/local/bin/node /usr/local/Cellar/yarn/1.10.1/libexec/bin/yarn.js install

PATH: 
  /Applications/MAMP/bin/php/php5.6.30/bin:/usr/local/bin:/usr/bin:/bin:/usr/sbin:/sbin:/opt/X11/bin

Yarn version: 
  1.10.1

Node version: 
  8.9.3

Platform: 
  darwin x64

Trace: 
  Error: https://github.com/stefanolaru/scss-goodies/mixins.scss: Request failed "404 Not Found"
      at ResponseError.ExtendableBuiltin (/usr/local/Cellar/yarn/1.10.1/libexec/lib/cli.js:218:66)
      at new ResponseError (/usr/local/Cellar/yarn/1.10.1/libexec/lib/cli.js:324:124)
      at Request.<anonymous> (/usr/local/Cellar/yarn/1.10.1/libexec/lib/cli.js:57838:26)
      at emitOne (events.js:116:13)
      at Request.emit (events.js:211:7)
      at Request.module.exports.Request.onRequestResponse (/usr/local/Cellar/yarn/1.10.1/libexec/lib/cli.js:121043:10)
      at emitOne (events.js:116:13)
      at ClientRequest.emit (events.js:211:7)
      at HTTPParser.parserOnIncomingClient (_http_client.js:551:21)
      at HTTPParser.parserOnHeadersComplete (_http_common.js:117:23)

npm manifest: 
  {
    "name": "Minikit",
    "version": "1.0.0",
    "description": "Lightweight WP theme starting kit containing basic structure, functions and some goodies",
    "main": "index.php",
    "repository": "https://github.com/stefanolaru/minikit.git",
    "author": "Stefan Olaru <contact@stefanolaru.com>",
    "license": "MIT",
    "private": null,
    "dependencies": {
      "foundation-sites": "^6.5.0-rc.3",
      "scss-goodies": "https://github.com/stefanolaru/scss-goodies/mixins.scss"
    }
  }

yarn manifest: 
  No manifest

Lockfile: 
  # THIS IS AN AUTOGENERATED FILE. DO NOT EDIT THIS FILE DIRECTLY.
  # yarn lockfile v1
  
  
  foundation-sites@^6.5.0-rc.3:
    version "6.5.0-rc.3"
    resolved "https://registry.yarnpkg.com/foundation-sites/-/foundation-sites-6.5.0-rc.3.tgz#62407719477642713307d0af81a9beae97723cc8"
    integrity sha512-EAGLPdPTE2N0WwXaNdF0rL7Z8cj1rp0PA6ifCM0MrtqdDYwlyLv8eU7fJfd0YapdP/w8w7GkAtb6hTqk1tK0AQ==
  
  "scss-goodies@https://github.com/stefanolaru/scss-goodies":
    version "0.0.0"
    resolved "https://github.com/stefanolaru/scss-goodies#47eed93846f39dbcebe1ad22d0db786f0b587a76"
